1970-01-07 21:46:50.434619: AutoUpdate called [/Users/matthew/.SpaceVim.d/init.toml]
1970-01-07 21:46:50.434818: Vim filetype: 'conf', sanitized filetype: 'conf'
1970-01-07 21:46:50.434985: Checking if file is valid [/Users/matthew/.SpaceVim.d/init.toml]
1970-01-07 21:46:50.435249: Unsupported filetype: conf
1970-01-07 21:46:50.435360: Not a valid file, stopping processing
1970-01-07 21:46:51.270246: AutoUpdate called [/Users/matthew/.SpaceVim.d/init.toml]
1970-01-07 21:46:51.270403: Vim filetype: 'conf', sanitized filetype: 'conf'
1970-01-07 21:46:51.275714: Checking if file is valid [/Users/matthew/.SpaceVim.d/init.toml]
1970-01-07 21:46:51.276287: Unsupported filetype: conf
1970-01-07 21:46:51.276494: Not a valid file, stopping processing
1970-01-07 21:46:53.900991: AutoUpdate called [/Users/matthew/.SpaceVim.d/init.toml]
1970-01-07 21:46:53.901141: Vim filetype: 'conf', sanitized filetype: 'conf'
1970-01-07 21:46:53.906260: Checking if file is valid [/Users/matthew/.SpaceVim.d/init.toml]
1970-01-07 21:46:53.906591: Unsupported filetype: conf
1970-01-07 21:46:53.906751: Not a valid file, stopping processing
1970-01-07 21:46:55.685017: AutoUpdate called [/Users/matthew/.SpaceVim.d/init.toml]
1970-01-07 21:46:55.685269: Vim filetype: 'conf', sanitized filetype: 'conf'
1970-01-07 21:46:55.690449: Checking if file is valid [/Users/matthew/.SpaceVim.d/init.toml]
1970-01-07 21:46:55.690857: Unsupported filetype: conf
1970-01-07 21:46:55.691191: Not a valid file, stopping processing
1970-01-07 21:47:08.670348: AutoUpdate called [/Users/matthew/.SpaceVim.d/init.toml]
1970-01-07 21:47:08.670516: Vim filetype: 'conf', sanitized filetype: 'conf'
1970-01-07 21:47:08.672769: Checking if file is valid [/Users/matthew/.SpaceVim.d/init.toml]
1970-01-07 21:47:08.673004: Unsupported filetype: conf
1970-01-07 21:47:08.673170: Not a valid file, stopping processing
1970-01-07 21:47:08.673476: AutoUpdate called [/Users/matthew/.SpaceVim.d/init.toml]
1970-01-07 21:47:08.673612: Vim filetype: 'conf', sanitized filetype: 'conf'
1970-01-07 21:47:08.673821: Checking if file is valid [/Users/matthew/.SpaceVim.d/init.toml]
1970-01-07 21:47:08.673988: Unsupported filetype: conf
1970-01-07 21:47:08.674264: Not a valid file, stopping processing
